<?xml version="1.0" encoding="UTF-8"?>
<!-- Generated by org.testng.reporters.JUnitXMLReporter -->
<testsuite ignored="0" hostname="DESKTOP-SOTS4KS" failures="1" tests="14" name="Test" time="333.814" errors="0" timestamp="2024-09-09T17:00:15 IST">
  <testcase classname="project1_test.TestCase1" name="registration" time="8.39"/>
  <testcase classname="project1_test.TestCase2" name="login" time="3.984"/>
  <testcase classname="project1_test.TestCase3" name="login_incorrect" time="3.671"/>
  <testcase classname="project1_test.TestCase4" name="editprofile" time="16.749">
    <failure type="org.openqa.selenium.ElementClickInterceptedException" message="element click intercepted: Element &amp;lt;input disabled=&amp;quot;&amp;quot; class=&amp;quot;a-button-input&amp;quot; type=&amp;quot;submit&amp;quot;&amp;gt; is not clickable at point (812, 363). Other element would receive the click: &amp;lt;span class=&amp;quot;a-button-text&amp;quot; aria-hidden=&amp;quot;true&amp;quot;&amp;gt;...&amp;lt;/span&amp;gt;
  (Session info: chrome=128.0.6613.120)
Build info: version: &amp;apos;4.23.0&amp;apos;, revision: &amp;apos;4df0a231af&amp;apos;
System info: os.name: &amp;apos;Windows 11&amp;apos;, os.arch: &amp;apos;amd64&amp;apos;, os.version: &amp;apos;10.0&amp;apos;, java.version: &amp;apos;17.0.10&amp;apos;
Driver info: org.openqa.selenium.chrome.ChromeDriver
Command: [efb86cdb3328633d977391dd6465fe47, clickElement {id=f.7EAF0D11B6E84AA60FD2DEEAFFCE83AE.d.D7E58C190F1CC427E6EF9C2B2FB62A5D.e.264}]
Capabilities {acceptInsecureCerts: false, browserName: chrome, browserVersion: 128.0.6613.120, chrome: {chromedriverVersion: 128.0.6613.119 (6e439cfca4d..., userDataDir: C:\Users\DELL\AppData\Local...}, fedcm:accounts: true, goog:chromeOptions: {debuggerAddress: localhost:63505}, networkConnectionEnabled: false, pageLoadStrategy: normal, platformName: windows, proxy: Proxy(), se:cdp: ws://localhost:63505/devtoo..., se:cdpVersion: 128.0.6613.120, setWindowRect: true, strictFileInteractability: false, timeouts: {implicit: 0, pageLoad: 300000, script: 30000}, unhandledPromptBehavior: dismiss and notify, webauthn:extension:credBlob: true, webauthn:extension:largeBlob: true, webauthn:extension:minPinLength: true, webauthn:extension:prf: true, webauthn:virtualAuthenticators: true}
Element: [[ChromeDriver: chrome on windows (efb86cdb3328633d977391dd6465fe47)] -&amp;gt; xpath: (//input[@class=&amp;apos;a-button-input&amp;apos;])[2]]
Session ID: efb86cdb3328633d977391dd6465fe47">
      <![CDATA[org.openqa.selenium.ElementClickInterceptedException: element click intercepted: Element <input disabled="" class="a-button-input" type="submit"> is not clickable at point (812, 363). Other element would receive the click: <span class="a-button-text" aria-hidden="true">...</span>
  (Session info: chrome=128.0.6613.120)
Build info: version: '4.23.0', revision: '4df0a231af'
System info: os.name: 'Windows 11', os.arch: 'amd64', os.version: '10.0', java.version: '17.0.10'
Driver info: org.openqa.selenium.chrome.ChromeDriver
Command: [efb86cdb3328633d977391dd6465fe47, clickElement {id=f.7EAF0D11B6E84AA60FD2DEEAFFCE83AE.d.D7E58C190F1CC427E6EF9C2B2FB62A5D.e.264}]
Capabilities {acceptInsecureCerts: false, browserName: chrome, browserVersion: 128.0.6613.120, chrome: {chromedriverVersion: 128.0.6613.119 (6e439cfca4d..., userDataDir: C:\Users\DELL\AppData\Local...}, fedcm:accounts: true, goog:chromeOptions: {debuggerAddress: localhost:63505}, networkConnectionEnabled: false, pageLoadStrategy: normal, platformName: windows, proxy: Proxy(), se:cdp: ws://localhost:63505/devtoo..., se:cdpVersion: 128.0.6613.120, setWindowRect: true, strictFileInteractability: false, timeouts: {implicit: 0, pageLoad: 300000, script: 30000}, unhandledPromptBehavior: dismiss and notify, webauthn:extension:credBlob: true, webauthn:extension:largeBlob: true, webauthn:extension:minPinLength: true, webauthn:extension:prf: true, webauthn:virtualAuthenticators: true}
Element: [[ChromeDriver: chrome on windows (efb86cdb3328633d977391dd6465fe47)] -> xpath: (//input[@class='a-button-input'])[2]]
Session ID: efb86cdb3328633d977391dd6465fe47
at org.openqa.selenium.remote.ErrorCodec.decode(ErrorCodec.java:167)
at org.openqa.selenium.remote.codec.w3c.W3CHttpResponseCodec.decode(W3CHttpResponseCodec.java:138)
at org.openqa.selenium.remote.codec.w3c.W3CHttpResponseCodec.decode(W3CHttpResponseCodec.java:50)
at org.openqa.selenium.remote.HttpCommandExecutor.execute(HttpCommandExecutor.java:190)
at org.openqa.selenium.remote.service.DriverCommandExecutor.invokeExecute(DriverCommandExecutor.java:216)
at org.openqa.selenium.remote.service.DriverCommandExecutor.execute(DriverCommandExecutor.java:174)
at org.openqa.selenium.remote.RemoteWebDriver.execute(RemoteWebDriver.java:527)
at org.openqa.selenium.remote.RemoteWebElement.execute(RemoteWebElement.java:223)
at org.openqa.selenium.remote.RemoteWebElement.click(RemoteWebElement.java:76)
at org.openqa.selenium.support.pagefactory.internal.LocatingElementHandler.invoke(LocatingElementHandler.java:51)
at jdk.proxy2/jdk.proxy2.$Proxy14.click(Unknown Source)
at project1_source.Profilepage.save_button(Profilepage.java:67)
at project1_test.TestCase4.editprofile(TestCase4.java:47)
at java.base/java.util.ArrayList.forEach(ArrayList.java:1511)
... Removed 35 stack frames]]>
    </failure>
  </testcase> <!-- editprofile -->
  <testcase classname="project1_test.TestCase5" name="searchproduct" time="3.327"/>
  <testcase classname="project1_test.TestCase6" name="searchwithfilters" time="24.991"/>
  <testcase classname="project1_test.TestCase7" name="productdetailspage" time="17.383"/>
  <testcase classname="project1_test.TestCase8" name="productsortpage" time="13.346"/>
  <testcase classname="project1_test.TestCase9" name="cartpage" time="11.171"/>
  <testcase classname="project1_test.TestCase10" name="updatingcartpage" time="20.782"/>
  <testcase classname="project1_test.TestCase11" name="checkoutprocess" time="34.322"/>
  <testcase classname="project1_test.TestCase12" name="selecteachpaymentmethod" time="35.451"/>
  <testcase classname="project1_test.TestCase13" name="applycouponcode" time="29.724"/>
  <testcase classname="project1_test.TestCase15" name="cartpagewithoutlogin" time="10.661"/>
</testsuite> <!-- Test -->
